<?xml version="1.0" encoding="UTF-8"?>
<!-- Generated by org.testng.reporters.JUnitReportReporter -->
<testsuite hostname="DESKTOP-FVL7V1F" failures="0" tests="1" name="OrangeHRM_TestCase.EmployeeRegistrationTest" time="0.000" errors="0" timestamp="2023-07-10T15:45:04 IST" skipped="1">
  <testcase classname="OrangeHRM_TestCase.EmployeeRegistrationTest" name="CheckEmpReg" time="0.000">
    <skipped/>
  </testcase> <!-- CheckEmpReg -->
</testsuite> <!-- OrangeHRM_TestCase.EmployeeRegistrationTest -->
